0 info it worked if it ends with ok
1 verbose cli [ '/usr/bin/nodejs',
1 verbose cli   '/usr/bin/npm',
1 verbose cli   'install',
1 verbose cli   'serve-favicon',
1 verbose cli   '--save' ]
2 info using npm@1.3.10
3 info using node@v0.10.25
4 verbose readDependencies using package.json deps
5 verbose cache add [ 'serve-favicon@~1.0.0', null ]
6 verbose cache add name=undefined spec="serve-favicon@~1.0.0" args=["serve-favicon@~1.0.0",null]
7 verbose parsed url { protocol: null,
7 verbose parsed url   slashes: null,
7 verbose parsed url   auth: null,
7 verbose parsed url   host: null,
7 verbose parsed url   port: null,
7 verbose parsed url   hostname: null,
7 verbose parsed url   hash: null,
7 verbose parsed url   search: null,
7 verbose parsed url   query: null,
7 verbose parsed url   pathname: 'serve-favicon@~1.0.0',
7 verbose parsed url   path: 'serve-favicon@~1.0.0',
7 verbose parsed url   href: 'serve-favicon@~1.0.0' }
8 verbose cache add name="serve-favicon" spec="~1.0.0" args=["serve-favicon","~1.0.0"]
9 verbose parsed url { protocol: null,
9 verbose parsed url   slashes: null,
9 verbose parsed url   auth: null,
9 verbose parsed url   host: null,
9 verbose parsed url   port: null,
9 verbose parsed url   hostname: null,
9 verbose parsed url   hash: null,
9 verbose parsed url   search: null,
9 verbose parsed url   query: null,
9 verbose parsed url   pathname: '~1.0.0',
9 verbose parsed url   path: '~1.0.0',
9 verbose parsed url   href: '~1.0.0' }
10 verbose addNamed [ 'serve-favicon', '~1.0.0' ]
11 verbose addNamed [ null, '>=1.0.0-0 <1.1.0-0' ]
12 silly lockFile e5b24425-serve-favicon-1-0-0 serve-favicon@~1.0.0
13 verbose lock serve-favicon@~1.0.0 /home/r_squared/.npm/e5b24425-serve-favicon-1-0-0.lock
14 silly addNameRange { name: 'serve-favicon',
14 silly addNameRange   range: '>=1.0.0-0 <1.1.0-0',
14 silly addNameRange   hasData: false }
15 verbose url raw serve-favicon
16 verbose url resolving [ 'https://registry.npmjs.org/', './serve-favicon' ]
17 verbose url resolved https://registry.npmjs.org/serve-favicon
18 info trying registry request attempt 1 at 13:25:16
19 verbose etag "2O8HCBCNR4B0ATP541PTH2SOI"
20 http GET https://registry.npmjs.org/serve-favicon
21 http 304 https://registry.npmjs.org/serve-favicon
22 silly registry.get cb [ 304,
22 silly registry.get   { date: 'Wed, 06 Apr 2016 17:25:18 GMT',
22 silly registry.get     via: '1.1 varnish',
22 silly registry.get     'cache-control': 'max-age=300',
22 silly registry.get     etag: '"2O8HCBCNR4B0ATP541PTH2SOI"',
22 silly registry.get     age: '0',
22 silly registry.get     connection: 'keep-alive',
22 silly registry.get     'x-served-by': 'cache-iad2145-IAD',
22 silly registry.get     'x-cache': 'HIT',
22 silly registry.get     'x-cache-hits': '1',
22 silly registry.get     'x-timer': 'S1459963518.493905,VS0,VE18',
22 silly registry.get     vary: 'Accept-Encoding' } ]
23 verbose etag serve-favicon from cache
24 silly addNameRange number 2 { name: 'serve-favicon',
24 silly addNameRange   range: '>=1.0.0-0 <1.1.0-0',
24 silly addNameRange   hasData: true }
25 silly addNameRange versions [ 'serve-favicon',
25 silly addNameRange   [ '2.0.0',
25 silly addNameRange     '2.0.1',
25 silly addNameRange     '2.1.0',
25 silly addNameRange     '2.1.1',
25 silly addNameRange     '2.1.2',
25 silly addNameRange     '2.1.3',
25 silly addNameRange     '2.1.4',
25 silly addNameRange     '2.1.5',
25 silly addNameRange     '2.1.6',
25 silly addNameRange     '2.1.7',
25 silly addNameRange     '2.2.0',
25 silly addNameRange     '2.2.1',
25 silly addNameRange     '2.3.0' ] ]
26 silly lockFile e5b24425-serve-favicon-1-0-0 serve-favicon@~1.0.0
27 silly lockFile e5b24425-serve-favicon-1-0-0 serve-favicon@~1.0.0
28 error Error: No compatible version found: serve-favicon@'>=1.0.0-0 <1.1.0-0'
28 error Valid install targets:
28 error ["2.0.0","2.0.1","2.1.0","2.1.1","2.1.2","2.1.3","2.1.4","2.1.5","2.1.6","2.1.7","2.2.0","2.2.1","2.3.0"]
28 error     at installTargetsError (/usr/share/npm/lib/cache.js:719:10)
28 error     at next (/usr/share/npm/lib/cache.js:698:17)
28 error     at /usr/share/npm/lib/cache.js:675:5
28 error     at saved (/usr/share/npm/node_modules/npm-registry-client/lib/get.js:142:7)
28 error     at /usr/lib/nodejs/graceful-fs/polyfills.js:133:7
28 error     at Object.oncomplete (fs.js:107:15)
29 error If you need help, you may report this log at:
29 error     <http://github.com/isaacs/npm/issues>
29 error or email it to:
29 error     <npm-@googlegroups.com>
30 error System Linux 3.13.0-37-generic
31 error command "/usr/bin/nodejs" "/usr/bin/npm" "install" "serve-favicon" "--save"
32 error cwd /home/r_squared/Documents/University/cps630/Lab05
33 error node -v v0.10.25
34 error npm -v 1.3.10
35 verbose exit [ 1, true ]
